version: 1

#!RESULT OK
#!CONNECTION ldap://52.176.57.64:10389
#!DATE 2017-06-17T10:08:43.861
dn: dc=example,dc=com
description: Example.Com, your trusted non-existent corporation.
dc: example
o: Example.Com
objectClass: top
objectClass: dcObject
objectClass: organization

# Subtree for users
#!RESULT OK
#!CONNECTION ldap://52.176.57.64:10389
#!DATE 2017-06-17T10:08:43.960
dn: ou=Users,dc=example,dc=com
ou: Users
description: Example.Com Users
objectClass: organizationalUnit

# Subtree for groups
#!RESULT OK
#!CONNECTION ldap://52.176.57.64:10389
#!DATE 2017-06-17T10:08:44.057
dn: ou=Groups,dc=example,dc=com
ou: Groups
description: Example.Com Groups
objectClass: organizationalUnit

# Subtree for system accounts
#!RESULT OK
#!CONNECTION ldap://52.176.57.64:10389
#!DATE 2017-06-17T10:08:44.164
dn: ou=System,dc=example,dc=com
ou: System
description: Special accounts used by software applications.
objectClass: organizationalUnit

# Users

# Mr. Twelve:
#!RESULT OK
#!CONNECTION ldap://52.176.57.64:10389
#!DATE 2017-06-17T10:08:44.279
dn: uid=Mr.12,ou=Users,dc=example,dc=com
ou: Users
uid: Mr.12
sn: Twelve
cn: Mr. Twelve
givenName: Mr
displayName: Mr. Twelve
mail: mrTwelve@example.com
userPassword: secret
objectClass: person
objectClass: organizationalPerson
objectClass: inetOrgPerson

# Mr. Eleven:
#!RESULT OK
#!CONNECTION ldap://52.176.57.64:10389
#!DATE 2017-06-17T10:08:44.382
dn: uid=Mr.11,ou=Users,dc=example,dc=com
ou: Users
uid: Mr.11
sn: Eleven
cn: Mr. Eleven
givenName: Mr
displayName: Mr. Eleven
mail: mrEleven@example.com
userPassword: secret
objectClass: person
objectClass: organizationalPerson
objectClass: inetOrgPerson

# Barbara Jensen:
#!RESULT OK
#!CONNECTION ldap://52.176.57.64:10389
#!DATE 2017-06-17T10:08:44.497
dn: uid=barbara,ou=Users,dc=example,dc=com
ou: Users
uid: barbara
sn: Jensen
cn: Barbara Jensen
givenName: Barbara
displayName: Barbara Jensen
mail: barbara@example.com
userPassword: secret
objectClass: person
objectClass: organizationalPerson
objectClass: inetOrgPerson

# Betty White:
#!RESULT OK
#!CONNECTION ldap://52.176.57.64:10389
#!DATE 2017-06-17T10:08:44.610
dn: uid=betty,ou=Users,dc=example,dc=com
ou: Users
uid: Betty
sn: White
cn: Betty White
givenName: Betty
displayName: Betty White
mail: betty@example.com
userPassword: secret
objectClass: person
objectClass: organizationalPerson
objectClass: inetOrgPerson

# George Person:
#!RESULT OK
#!CONNECTION ldap://52.176.57.64:10389
#!DATE 2017-06-17T10:08:44.722
dn: uid=george,ou=Users,dc=example,dc=com
ou: Users
uid: george
sn: Person
cn: George Person
givenName: George
displayName: George Person
mail: george@example.com
userPassword: secret
objectClass: person
objectClass: organizationalPerson
objectClass: inetOrgPerson

# Sam Waterson:
#!RESULT OK
#!CONNECTION ldap://52.176.57.64:10389
#!DATE 2017-06-17T10:08:44.824
dn: uid=sam,ou=Users,dc=example,dc=com
ou: Users
uid: sam
sn: Waterson
cn: Sam Waterson
givenName: Sam
displayName: Sam Waterson
mail: sam@example.com
userPassword: secret
objectClass: person
objectClass: organizationalPerson
objectClass: inetOrgPerson

# Little Kitty:
#!RESULT OK
#!CONNECTION ldap://52.176.57.64:10389
#!DATE 2017-06-17T10:08:44.927
dn: uid=little,ou=Users,dc=example,dc=com
ou: Users
uid: little
sn: Kitty
cn: Little Kitty
givenName: Little
displayName: Little Kitty
mail: little@example.com
userPassword: secret
objectClass: person
objectClass: organizationalPerson
objectClass: inetOrgPerson

# Bob Morley:
#!RESULT OK
#!CONNECTION ldap://52.176.57.64:10389
#!DATE 2017-06-17T10:08:45.052
dn: uid=bob,ou=Users,dc=example,dc=com
ou: Users
uid: Bob
sn: Morley
cn: Bob Morley
givenName: Bob
displayName: Bob Morley
mail: bob@example.com
userPassword: secret
objectClass: person
objectClass: organizationalPerson
objectClass: inetOrgPerson

# Susan Smith:
#!RESULT OK
#!CONNECTION ldap://52.176.57.64:10389
#!DATE 2017-06-17T10:08:45.164
dn: uid=susan,ou=Users,dc=example,dc=com
ou: Users
uid: susan
sn: Smith
cn: Susan Smith
givenName: Susan
displayName: Susan Smith
mail: susan@example.com
userPassword: secret
objectClass: person
objectClass: organizationalPerson
objectClass: inetOrgPerson

# Lisa Conway:
#!RESULT OK
#!CONNECTION ldap://52.176.57.64:10389
#!DATE 2017-06-17T10:08:45.274
dn: uid=lisa,ou=Users,dc=example,dc=com
ou: Users
uid: lisa
sn: Conway
cn: Lisa Conway
givenName: Lisa
displayName: Lisa Conway
mail: lisa@example.com
userPassword: secret
objectClass: person
objectClass: organizationalPerson
objectClass: inetOrgPerson

# Pete Lawson:
#!RESULT OK
#!CONNECTION ldap://52.176.57.64:10389
#!DATE 2017-06-17T10:08:45.384
dn: uid=pete,ou=Users,dc=example,dc=com
ou: Users
uid: pete
sn: Lawson
cn: Pete Lawson
givenName: Pete
displayName: Pete Lawson
mail: pete@example.com
userPassword: secret
objectClass: person
objectClass: organizationalPerson
objectClass: inetOrgPerson

# Shawn Spenser:
#!RESULT OK
#!CONNECTION ldap://52.176.57.64:10389
#!DATE 2017-06-17T10:08:45.491
dn: uid=shawn,ou=Users,dc=example,dc=com
ou: Users
uid: shawn
sn: Shawn
cn: Shawn Spenser
givenName: Shawn
displayName: Shawn Spenser
mail: shawn@example.com
userPassword: secret
objectClass: person
objectClass: organizationalPerson
objectClass: inetOrgPerson

# Matt Butcher
#!RESULT OK
#!CONNECTION ldap://52.176.57.64:10389
#!DATE 2017-06-17T10:08:45.598
dn: uid=matt,ou=Users,dc=example,dc=com
ou: Users
# Name info:
uid: matt
cn: Matt Butcher
sn: Butcher
givenName: Matt
givenName: Matthew
displayName: Matt Butcher
# Work Info:
title: Systems Integrator
description: Systems Integration and IT for Example.Com
employeeType: Employee
departmentNumber: 001
employeeNumber: 001-08-98
mail: mbutcher@example.com
mail: matt@example.com
roomNumber: 301
telephoneNumber: +1 555 555 4321
mobile: +1 555 555 6789
st: Illinois
l: Chicago
street: 1234 Cicero Ave.
# Home Info:
homePhone: +1 555 555 9876
homePostalAddress: 1234 home street $ Chicago, IL $ 60699-1234
# Misc:
userPassword: secret
preferredLanguage: en-us,en-gb
objectClass: person
objectClass: organizationalPerson
objectClass: inetOrgPerson

# Special Account for Authentication:
#!RESULT OK
#!CONNECTION ldap://52.176.57.64:10389
#!DATE 2017-06-17T10:08:45.700
dn: uid=authenticate,ou=System,dc=example,dc=com
uid: authenticate
ou: System
description: Special account for authenticating users
userPassword: secret
objectClass: account
objectClass: simpleSecurityObject

# Groups

# LDAP Admin Group:
#!RESULT OK
#!CONNECTION ldap://52.176.57.64:10389
#!DATE 2017-06-17T10:08:45.802
dn: cn=LDAP Admins,ou=Groups,dc=example,dc=com
cn: LDAP Admins
ou: Groups
description: Users who are LDAP administrators
uniqueMember: uid=barbara,ou=Users,dc=example,dc=com
uniqueMember: uid=matt,ou=Users,dc=example,dc=com
objectClass: groupOfUniqueNames

# Falcon Admin Group:
#!RESULT OK
#!CONNECTION ldap://52.176.57.64:10389
#!DATE 2017-06-17T10:08:45.899
dn: cn=Falcon Admins,ou=Groups,dc=example,dc=com
cn: Falcon Admins
ou: Groups
description: Users who are Falcon administrators
uniqueMember: uid=shawn,ou=Users,dc=example,dc=com
uniqueMember: uid=george,ou=Users,dc=example,dc=com
objectClass: groupOfUniqueNames

# Falcon User Group:
#!RESULT OK
#!CONNECTION ldap://52.176.57.64:10389
#!DATE 2017-06-17T10:08:46.000
dn: cn=Falcon Users,ou=Groups,dc=example,dc=com
cn: Falcon Users
ou: Groups
description: Users who are LDAP administrators
uniqueMember: uid=george,dc=example,dc=com
uniqueMember: uid=lisa,ou=Users,dc=example,dc=com
uniqueMember: uid=susan,ou=Users,dc=example,dc=com
uniqueMember: uid=sam,ou=Users,dc=example,dc=com
uniqueMember: uid=betty,ou=Users,dc=example,dc=com
uniqueMember: uid=shawn,ou=Users,dc=example,dc=com
uniqueMember: uid=pete,ou=Users,dc=example,dc=com
objectClass: groupOfUniqueNames

# Engineering Group:
#!RESULT OK
#!CONNECTION ldap://52.176.57.64:10389
#!DATE 2017-06-17T10:08:46.140
dn: cn=LDAP Admins,ou=Groups,dc=example,dc=com
cn: LDAP Admins
ou: Groups
description: Users who are LDAP administrators
uniqueMember: uid=betty,ou=Users,dc=example,dc=com
uniqueMember: uid=shawn,ou=Users,dc=example,dc=com
objectClass: groupOfUniqueNames

# HR Group:
#!RESULT OK
#!CONNECTION ldap://52.176.57.64:10389
#!DATE 2017-06-17T10:08:46.278
dn: cn=LDAP Admins,ou=Groups,dc=example,dc=com
cn: LDAP Admins
ou: Groups
description: Users who are LDAP administrators
uniqueMember: uid=lisa,ou=Users,dc=example,dc=com
uniqueMember: uid=susan,ou=Users,dc=example,dc=com
objectClass: groupOfUniqueNames
